2022-04-25 21:59:58.178 | INFO     | httprunner.runner:test_start:450 - Start to run testcase: request methods testcase: reference testcase, TestCase ID: cc7ef52c-c681-4129-86be-a9e2e9d87bed
2022-04-25 21:59:58.178 | INFO     | httprunner.runner:__run_step:292 - run step begin: request with functions >>>>>>
2022-04-25 21:59:58.178 | INFO     | httprunner.runner:__run_step:292 - run step begin: get with params >>>>>>
2022-04-25 21:59:59.395 | DEBUG    | httprunner.client:request:186 - client IP: 192.168.31.49, Port: 58143
2022-04-25 21:59:59.397 | DEBUG    | httprunner.client:request:194 - server IP: 3.222.255.96, Port: 443
2022-04-25 21:59:59.398 | DEBUG    | httprunner.client:log_print:40 - 
================== request details ==================
method   : GET
url      : https://postman-echo.com/get?foo1=bar11&foo2=bar21&sum_v=3
headers  : {
    "User-Agent": "HttpRunner/3.1.11",
    "Accept-Encoding": "gzip, deflate, br",
    "Accept": "*/*",
    "Connection": "keep-alive",
    "HRUN-Request-ID": "HRUN-cc7ef52c-c681-4129-86be-a9e2e9d87bed-198188"
}
cookies  : {}
body     : None

2022-04-25 21:59:59.407 | DEBUG    | httprunner.client:log_print:40 - 
================== response details ==================
status_code : 200
headers  : {
    "Date": "Mon, 25 Apr 2022 13:59:58 GMT",
    "Content-Type": "application/json; charset=utf-8",
    "Content-Length": "426",
    "Connection": "keep-alive",
    "ETag": "W/\"1aa-SM7CCrkVJ+6OVAf8y5vuSrppijc\"",
    "Vary": "Accept-Encoding",
    "set-cookie": "sails.sid=s%3An6YCnuYarpPntwirbo7IaNsm_C20pApK.OSOVnsqryvByn4%2BAwFYh1dYwMe3p7dNFHPQ2HRfp%2Bdg; Path=/; HttpOnly"
}
cookies  : {
    "sails.sid": "s%3An6YCnuYarpPntwirbo7IaNsm_C20pApK.OSOVnsqryvByn4%2BAwFYh1dYwMe3p7dNFHPQ2HRfp%2Bdg"
}
encoding : utf-8
content_type : application/json; charset=utf-8
body     : {
    "args": {
        "foo1": "bar11",
        "foo2": "bar21",
        "sum_v": "3"
    },
    "headers": {
        "x-forwarded-proto": "https",
        "x-forwarded-port": "443",
        "host": "postman-echo.com",
        "x-amzn-trace-id": "Root=1-6266a95e-42a05ff90638cdc82df46b35",
        "user-agent": "HttpRunner/3.1.11",
        "accept-encoding": "gzip, deflate, br",
        "accept": "*/*",
        "hrun-request-id": "HRUN-cc7ef52c-c681-4129-86be-a9e2e9d87bed-198188"
    },
    "url": "https://postman-echo.com/get?foo1=bar11&foo2=bar21&sum_v=3"
}

2022-04-25 21:59:59.409 | INFO     | httprunner.client:request:217 - status_code: 200, response_time(ms): 1207.43 ms, response_length: 0 bytes
2022-04-25 21:59:59.410 | INFO     | httprunner.response:extract:188 - extract mapping: {'foo3': 'bar21'}
2022-04-25 21:59:59.411 | INFO     | httprunner.response:validate:258 - assert status_code equal 200(int)	==> pass
2022-04-25 21:59:59.413 | INFO     | httprunner.response:validate:258 - assert body.args.foo1 equal bar11(str)	==> pass
2022-04-25 21:59:59.417 | INFO     | httprunner.response:validate:258 - assert body.args.sum_v equal 3(str)	==> pass
2022-04-25 21:59:59.419 | INFO     | httprunner.response:validate:258 - assert body.args.foo2 equal bar21(str)	==> pass
2022-04-25 21:59:59.420 | INFO     | httprunner.runner:__run_step:304 - run step end: get with params <<<<<<

2022-04-25 21:59:59.422 | INFO     | httprunner.runner:__run_step:292 - run step begin: post raw text >>>>>>
2022-04-25 21:59:59.694 | DEBUG    | httprunner.client:request:186 - client IP: 192.168.31.49, Port: 58143
2022-04-25 21:59:59.695 | DEBUG    | httprunner.client:request:194 - server IP: 3.222.255.96, Port: 443
2022-04-25 21:59:59.697 | DEBUG    | httprunner.client:log_print:40 - 
================== request details ==================
method   : POST
url      : https://postman-echo.com/post
headers  : {
    "User-Agent": "HttpRunner/3.1.11",
    "Accept-Encoding": "gzip, deflate, br",
    "Accept": "*/*",
    "Connection": "keep-alive",
    "Content-Type": "text/plain",
    "HRUN-Request-ID": "HRUN-cc7ef52c-c681-4129-86be-a9e2e9d87bed-199424",
    "Cookie": "sails.sid=s%3An6YCnuYarpPntwirbo7IaNsm_C20pApK.OSOVnsqryvByn4%2BAwFYh1dYwMe3p7dNFHPQ2HRfp%2Bdg",
    "Content-Length": "83"
}
cookies  : {
    "sails.sid": "s%3An6YCnuYarpPntwirbo7IaNsm_C20pApK.OSOVnsqryvByn4%2BAwFYh1dYwMe3p7dNFHPQ2HRfp%2Bdg"
}
body     : This is expected to be sent back as part of response body: bar12-config_bar2-bar32.

2022-04-25 22:00:00.574 | DEBUG    | httprunner.client:log_print:40 - 
================== response details ==================
status_code : 200
headers  : {
    "Date": "Mon, 25 Apr 2022 13:59:58 GMT",
    "Content-Type": "application/json; charset=utf-8",
    "Content-Length": "638",
    "Connection": "keep-alive",
    "ETag": "W/\"27e-xr0sSwW/yachA953gZxtNj0+TwQ\"",
    "Vary": "Accept-Encoding",
    "set-cookie": "sails.sid=s%3AWeb3RGvsD3PT5-0WuEEF-8PEs_ME3CDl.2iC1RZMrKQ1Rg3AbZdxKeVFndjMDn25tJoZ%2BbFpNb5E; Path=/; HttpOnly"
}
cookies  : {
    "sails.sid": "s%3AWeb3RGvsD3PT5-0WuEEF-8PEs_ME3CDl.2iC1RZMrKQ1Rg3AbZdxKeVFndjMDn25tJoZ%2BbFpNb5E"
}
encoding : utf-8
content_type : application/json; charset=utf-8
body     : {
    "args": {},
    "data": "This is expected to be sent back as part of response body: bar12-config_bar2-bar32.",
    "files": {},
    "form": {},
    "headers": {
        "x-forwarded-proto": "https",
        "x-forwarded-port": "443",
        "host": "postman-echo.com",
        "x-amzn-trace-id": "Root=1-6266a95e-4eceee1236a955b564f94080",
        "content-length": "83",
        "user-agent": "HttpRunner/3.1.11",
        "accept-encoding": "gzip, deflate, br",
        "accept": "*/*",
        "content-type": "text/plain",
        "hrun-request-id": "HRUN-cc7ef52c-c681-4129-86be-a9e2e9d87bed-199424",
        "cookie": "sails.sid=s%3An6YCnuYarpPntwirbo7IaNsm_C20pApK.OSOVnsqryvByn4%2BAwFYh1dYwMe3p7dNFHPQ2HRfp%2Bdg"
    },
    "json": null,
    "url": "https://postman-echo.com/post"
}

2022-04-25 22:00:00.574 | INFO     | httprunner.client:request:217 - status_code: 200, response_time(ms): 270.06 ms, response_length: 0 bytes
2022-04-25 22:00:00.574 | INFO     | httprunner.response:validate:258 - assert status_code equal 200(int)	==> pass
2022-04-25 22:00:00.574 | INFO     | httprunner.response:validate:258 - assert body.data equal This is expected to be sent back as part of response body: bar12-config_bar2-bar32.(str)	==> pass
2022-04-25 22:00:00.574 | INFO     | httprunner.runner:__run_step:304 - run step end: post raw text <<<<<<

2022-04-25 22:00:00.574 | INFO     | httprunner.runner:__run_step:292 - run step begin: post form data >>>>>>
2022-04-25 22:00:00.826 | DEBUG    | httprunner.client:request:186 - client IP: 192.168.31.49, Port: 58143
2022-04-25 22:00:00.826 | DEBUG    | httprunner.client:request:194 - server IP: 3.222.255.96, Port: 443
2022-04-25 22:00:00.826 | DEBUG    | httprunner.client:log_print:40 - 
================== request details ==================
method   : POST
url      : https://postman-echo.com/post
headers  : {
    "User-Agent": "HttpRunner/3.1.11",
    "Accept-Encoding": "gzip, deflate, br",
    "Accept": "*/*",
    "Connection": "keep-alive",
    "Content-Type": "application/x-www-form-urlencoded",
    "HRUN-Request-ID": "HRUN-cc7ef52c-c681-4129-86be-a9e2e9d87bed-200574",
    "Cookie": "sails.sid=s%3AWeb3RGvsD3PT5-0WuEEF-8PEs_ME3CDl.2iC1RZMrKQ1Rg3AbZdxKeVFndjMDn25tJoZ%2BbFpNb5E",
    "Content-Length": "44"
}
cookies  : {
    "sails.sid": "s%3AWeb3RGvsD3PT5-0WuEEF-8PEs_ME3CDl.2iC1RZMrKQ1Rg3AbZdxKeVFndjMDn25tJoZ%2BbFpNb5E"
}
body     : foo1=testcase_ref_bar1&foo2=bar23&foo3=bar21

2022-04-25 22:00:00.836 | DEBUG    | httprunner.client:log_print:40 - 
================== response details ==================
status_code : 200
headers  : {
    "Date": "Mon, 25 Apr 2022 13:59:59 GMT",
    "Content-Type": "application/json; charset=utf-8",
    "Content-Length": "686",
    "Connection": "keep-alive",
    "ETag": "W/\"2ae-ZWpeJpKc8Su8u27yDjtP5cI1FZQ\"",
    "Vary": "Accept-Encoding",
    "set-cookie": "sails.sid=s%3AYCN6gbwz7sCXug8Arv6NdBY3yqeWbyKl.4eqDK%2BYI%2FK9J98igbLUPkmJ0d2Lk7mYwf7DGZIi4ZCM; Path=/; HttpOnly"
}
cookies  : {
    "sails.sid": "s%3AYCN6gbwz7sCXug8Arv6NdBY3yqeWbyKl.4eqDK%2BYI%2FK9J98igbLUPkmJ0d2Lk7mYwf7DGZIi4ZCM"
}
encoding : utf-8
content_type : application/json; charset=utf-8
body     : {
    "args": {},
    "data": "",
    "files": {},
    "form": {
        "foo1": "testcase_ref_bar1",
        "foo2": "bar23",
        "foo3": "bar21"
    },
    "headers": {
        "x-forwarded-proto": "https",
        "x-forwarded-port": "443",
        "host": "postman-echo.com",
        "x-amzn-trace-id": "Root=1-6266a95f-60e39c2e51b826975b843d09",
        "content-length": "44",
        "user-agent": "HttpRunner/3.1.11",
        "accept-encoding": "gzip, deflate, br",
        "accept": "*/*",
        "content-type": "application/x-www-form-urlencoded",
        "hrun-request-id": "HRUN-cc7ef52c-c681-4129-86be-a9e2e9d87bed-200574",
        "cookie": "sails.sid=s%3AWeb3RGvsD3PT5-0WuEEF-8PEs_ME3CDl.2iC1RZMrKQ1Rg3AbZdxKeVFndjMDn25tJoZ%2BbFpNb5E"
    },
    "json": {
        "foo1": "testcase_ref_bar1",
        "foo2": "bar23",
        "foo3": "bar21"
    },
    "url": "https://postman-echo.com/post"
}

2022-04-25 22:00:00.836 | INFO     | httprunner.client:request:217 - status_code: 200, response_time(ms): 251.97 ms, response_length: 0 bytes
2022-04-25 22:00:00.836 | INFO     | httprunner.response:validate:258 - assert status_code equal 200(int)	==> pass
2022-04-25 22:00:00.836 | INFO     | httprunner.response:validate:258 - assert body.form.foo1 equal testcase_ref_bar1(str)	==> pass
2022-04-25 22:00:00.836 | INFO     | httprunner.response:validate:258 - assert body.form.foo2 equal bar23(str)	==> pass
2022-04-25 22:00:00.836 | INFO     | httprunner.response:validate:258 - assert body.form.foo3 equal bar21(str)	==> pass
2022-04-25 22:00:00.836 | INFO     | httprunner.runner:__run_step:304 - run step end: post form data <<<<<<

2022-04-25 22:00:00.836 | INFO     | httprunner.runner:__run_step_testcase:286 - export variables: {'foo3': 'bar21'}
2022-04-25 22:00:00.836 | INFO     | httprunner.runner:__run_step:304 - run step end: request with functions <<<<<<

2022-04-25 22:00:00.836 | INFO     | httprunner.runner:__run_step:292 - run step begin: post form data >>>>>>
2022-04-25 22:00:01.087 | DEBUG    | httprunner.client:request:186 - client IP: 192.168.31.49, Port: 58143
2022-04-25 22:00:01.087 | DEBUG    | httprunner.client:request:194 - server IP: 3.222.255.96, Port: 443
2022-04-25 22:00:01.087 | DEBUG    | httprunner.client:log_print:40 - 
================== request details ==================
method   : POST
url      : https://postman-echo.com/post
headers  : {
    "User-Agent": "HttpRunner/3.1.11",
    "Accept-Encoding": "gzip, deflate, br",
    "Accept": "*/*",
    "Connection": "keep-alive",
    "Content-Type": "application/x-www-form-urlencoded",
    "HRUN-Request-ID": "HRUN-cc7ef52c-c681-4129-86be-a9e2e9d87bed-200846",
    "Cookie": "sails.sid=s%3AYCN6gbwz7sCXug8Arv6NdBY3yqeWbyKl.4eqDK%2BYI%2FK9J98igbLUPkmJ0d2Lk7mYwf7DGZIi4ZCM",
    "Content-Length": "20"
}
cookies  : {
    "sails.sid": "s%3AYCN6gbwz7sCXug8Arv6NdBY3yqeWbyKl.4eqDK%2BYI%2FK9J98igbLUPkmJ0d2Lk7mYwf7DGZIi4ZCM"
}
body     : foo1=bar1&foo2=bar21

2022-04-25 22:00:01.096 | DEBUG    | httprunner.client:log_print:40 - 
================== response details ==================
status_code : 200
headers  : {
    "Date": "Mon, 25 Apr 2022 13:59:59 GMT",
    "Content-Type": "application/json; charset=utf-8",
    "Content-Length": "632",
    "Connection": "keep-alive",
    "ETag": "W/\"278-kh1uenVM0EitvyRhmQuB4raps0M\"",
    "Vary": "Accept-Encoding"
}
cookies  : {}
encoding : utf-8
content_type : application/json; charset=utf-8
body     : {
    "args": {},
    "data": "",
    "files": {},
    "form": {
        "foo1": "bar1",
        "foo2": "bar21"
    },
    "headers": {
        "x-forwarded-proto": "https",
        "x-forwarded-port": "443",
        "host": "postman-echo.com",
        "x-amzn-trace-id": "Root=1-6266a95f-3078480a5a9f5ce818164cd4",
        "content-length": "20",
        "user-agent": "HttpRunner/3.1.11",
        "accept-encoding": "gzip, deflate, br",
        "accept": "*/*",
        "content-type": "application/x-www-form-urlencoded",
        "hrun-request-id": "HRUN-cc7ef52c-c681-4129-86be-a9e2e9d87bed-200846",
        "cookie": "sails.sid=s%3AYCN6gbwz7sCXug8Arv6NdBY3yqeWbyKl.4eqDK%2BYI%2FK9J98igbLUPkmJ0d2Lk7mYwf7DGZIi4ZCM"
    },
    "json": {
        "foo1": "bar1",
        "foo2": "bar21"
    },
    "url": "https://postman-echo.com/post"
}

2022-04-25 22:00:01.097 | INFO     | httprunner.client:request:217 - status_code: 200, response_time(ms): 241.47 ms, response_length: 0 bytes
2022-04-25 22:00:01.098 | INFO     | httprunner.response:validate:258 - assert status_code equal 200(int)	==> pass
2022-04-25 22:00:01.100 | INFO     | httprunner.response:validate:258 - assert body.form.foo1 equal bar1(str)	==> pass
2022-04-25 22:00:01.101 | INFO     | httprunner.response:validate:258 - assert body.form.foo2 equal bar21(str)	==> pass
2022-04-25 22:00:01.101 | INFO     | httprunner.runner:__run_step:304 - run step end: post form data <<<<<<

