2022-04-25 23:03:11.757 | INFO     | httprunner.runner:test_start:450 - Start to run testcase: test, TestCase ID: d5d8ed96-8966-4ef3-b9f1-7fd7ad52c524
2022-04-25 23:03:11.761 | INFO     | httprunner.runner:__run_step:292 - run step begin: test >>>>>>
2022-04-25 23:03:11.870 | DEBUG    | httprunner.client:request:186 - client IP: 192.168.31.49, Port: 53310
2022-04-25 23:03:11.872 | DEBUG    | httprunner.client:request:194 - server IP: 106.55.209.123, Port: 443
2022-04-25 23:03:11.873 | DEBUG    | httprunner.client:log_print:40 - 
================== request details ==================
method   : GET
url      : https://zxscanapi.qq.com/api/v1/browser/index
headers  : {
    "User-Agent": "python-requests/2.27.1",
    "Accept-Encoding": "gzip, deflate, br",
    "Accept": "*/*",
    "Connection": "keep-alive",
    "Content-Type": "application/json;charset=utf-8",
    "HRUN-Request-ID": "HRUN-d5d8ed96-8966-4ef3-b9f1-7fd7ad52c524-991762"
}
cookies  : {}
body     : None

2022-04-25 23:03:11.875 | DEBUG    | httprunner.client:log_print:40 - 
================== response details ==================
status_code : 200
headers  : {
    "Date": "Mon, 25 Apr 2022 15:03:11 GMT",
    "Content-Type": "application/json; charset=utf-8",
    "Content-Length": "117",
    "Connection": "keep-alive",
    "Request-Id": "<nil>",
    "Strict-Transport-Security": "max-age=15724800; includeSubDomains"
}
cookies  : {}
encoding : utf-8
content_type : application/json; charset=utf-8
body     : {
    "retCode": 0,
    "retMsg": "«Î«Û≥…π¶",
    "data": {
        "totalTx": 214390597,
        "currentTx": 292417,
        "height": 73001809,
        "avgTime": 1.5
    }
}

2022-04-25 23:03:11.878 | INFO     | httprunner.client:request:217 - status_code: 200, response_time(ms): 108.48 ms, response_length: 0 bytes
2022-04-25 23:03:11.880 | INFO     | httprunner.runner:__run_step:304 - run step end: test <<<<<<

